<?xml version="1.0" encoding="UTF-8"?>
<testsuite name="Spek" tests="2" skipped="0" failures="0" errors="0" time="3.024" hostname="Emilys-MacBook-Pro.local" timestamp="2019-06-03T16:02:59">
<properties>
<property name="awt.toolkit" value="sun.lwawt.macosx.LWCToolkit"/>
<property name="file.encoding" value="UTF-8"/>
<property name="file.separator" value="/"/>
<property name="ftp.nonProxyHosts" value="local|*.local|169.254/16|*.169.254/16"/>
<property name="http.nonProxyHosts" value="local|*.local|169.254/16|*.169.254/16"/>
<property name="io.netty.tmpdir" value="/var/folders/0r/3kbgwcw914bgbwvt6355g_kc0000gn/T/kotlin"/>
<property name="java.awt.graphicsenv" value="sun.awt.CGraphicsEnvironment"/>
<property name="java.class.path" value="/Users/emilygrasmeder/src/github.com/emilyagras/another-flashcard-app/kotlin-backend/build/classes/java/test:/Users/emilygrasmeder/src/github.com/emilyagras/another-flashcard-app/kotlin-backend/build/classes/kotlin/test:/Users/emilygrasmeder/src/github.com/emilyagras/another-flashcard-app/kotlin-backend/build/resources/test:/Users/emilygrasmeder/src/github.com/emilyagras/another-flashcard-app/kotlin-backend/build/classes/java/main:/Users/emilygrasmeder/src/github.com/emilyagras/another-flashcard-app/kotlin-backend/build/classes/kotlin/main:/Users/emilygrasmeder/src/github.com/emilyagras/another-flashcard-app/kotlin-backend/build/resources/main:/Users/emilygrasmeder/.gradle/caches/modules-2/files-2.1/org.jooby/jooby-lang-kotlin/1.5.0/a9087e3a3f3e97bd2532c42dd5e036c58d2068b3/jooby-lang-kotlin-1.5.0.jar:/Users/emilygrasmeder/.gradle/caches/modules-2/files-2.1/org.jooby/jooby-netty/1.5.0/6e4711cfae556cfb840da71b3d60a6472814aee7/jooby-netty-1.5.0.jar:/Users/emilygrasmeder/.gradle/caches/modules-2/files-2.1/io.netty/netty-transport-native-epoll/4.1.27.Final/addbd481940a3cce57cb5736ecef5db909b7b5d0/netty-transport-native-epoll-4.1.27.Final.jar:/Users/emilygrasmeder/.gradle/caches/modules-2/files-2.1/io.netty/netty-tcnative-boringssl-static/2.0.8.Final/a2ef6ed1404d00ccea2fc9b2736060f887430931/netty-tcnative-boringssl-static-2.0.8.Final-osx-x86_64.jar:/Users/emilygrasmeder/.gradle/caches/modules-2/files-2.1/org.jetbrains.spek/spek-junit-platform-engine/1.1.5/84bbc6c2b61230b5921458b87332672d08fdc1e3/spek-junit-platform-engine-1.1.5.jar:/Users/emilygrasmeder/.gradle/caches/modules-2/files-2.1/org.jetbrains.spek/spek-api/1.1.5/bc19a88a54bb18edc9dd64d79b42f32b3215f1ca/spek-api-1.1.5.jar:/Users/emilygrasmeder/.gradle/caches/modules-2/files-2.1/org.junit.platform/junit-platform-launcher/1.0.0/5602a195a442636276efefce2a4c7b418cd67e5c/junit-platform-launcher-1.0.0.jar:/Users/emilygrasmeder/.gradle/caches/modules-2/files-2.1/org.amshove.kluent/kluent/1.35/26fe0f8e16b1267d9ee8af55ff61b642ef30ac43/kluent-1.35.jar:/Users/emilygrasmeder/.gradle/caches/modules-2/files-2.1/io.rest-assured/rest-assured/3.1.0/8d6244fa070a8c3d19412d3c39b17ea536e36aba/rest-assured-3.1.0.jar:/Users/emilygrasmeder/.gradle/caches/modules-2/files-2.1/org.jooby/jooby/1.5.0/11a9c19a602666f57cbdeb7140a377d611da4672/jooby-1.5.0.jar:/Users/emilygrasmeder/.gradle/caches/modules-2/files-2.1/org.jetbrains.kotlin/kotlin-stdlib-jdk8/1.2.51/68faa6fb7e32a7665a6849f242bc621c3ed48101/kotlin-stdlib-jdk8-1.2.51.jar:/Users/emilygrasmeder/.gradle/caches/modules-2/files-2.1/org.jetbrains.kotlin/kotlin-stdlib-jdk7/1.2.51/a37c0066df119c02f034bf17159089b588ccc41a/kotlin-stdlib-jdk7-1.2.51.jar:/Users/emilygrasmeder/.gradle/caches/modules-2/files-2.1/com.nhaarman/mockito-kotlin-kt1.1/1.5.0/3cb5419929540bcb25bdcc5e9ff7c8a1cb5831c/mockito-kotlin-kt1.1-1.5.0.jar:/Users/emilygrasmeder/.gradle/caches/modules-2/files-2.1/com.nhaarman/mockito-kotlin/1.5.0/25faa884f76375f76cdbd6651c4cebcde36d4117/mockito-kotlin-1.5.0.jar:/Users/emilygrasmeder/.gradle/caches/modules-2/files-2.1/org.jetbrains.kotlin/kotlin-reflect/1.2.20/f6f78911d9abbc803697a9030962258d9bda49b3/kotlin-reflect-1.2.20.jar:/Users/emilygrasmeder/.gradle/caches/modules-2/files-2.1/org.jetbrains.kotlin/kotlin-stdlib/1.2.51/fa8127e505bff50fec291d0dd619d1bda5c619e0/kotlin-stdlib-1.2.51.jar:/Users/emilygrasmeder/.gradle/caches/modules-2/files-2.1/io.netty/netty-codec-http2/4.1.27.Final/3769790a2033667d663f9a526d5b63cfecdbdf4e/netty-codec-http2-4.1.27.Final.jar:/Users/emilygrasmeder/.gradle/caches/modules-2/files-2.1/io.netty/netty-codec-http/4.1.27.Final/a1722d6bcbbef1c4c7877e8bf38b07a3db5ed07f/netty-codec-http-4.1.27.Final.jar:/Users/emilygrasmeder/.gradle/caches/modules-2/files-2.1/io.netty/netty-handler/4.1.27.Final/21bd9cf565390a8d72579b8664303e3c175dfc6a/netty-handler-4.1.27.Final.jar:/Users/emilygrasmeder/.gradle/caches/modules-2/files-2.1/io.netty/netty-codec/4.1.27.Final/d2653d78ebaa650064768fb26b10051f5c8efb2c/netty-codec-4.1.27.Final.jar:/Users/emilygrasmeder/.gradle/caches/modules-2/files-2.1/io.netty/netty-transport-native-unix-common/4.1.27.Final/2b0667fe5c1df78c6cfbf9d53ad8b1fb533fb8e8/netty-transport-native-unix-common-4.1.27.Final.jar:/Users/emilygrasmeder/.gradle/caches/modules-2/files-2.1/io.netty/netty-transport/4.1.27.Final/b5c2da3ea89dd67320925f1504c9eb3615241b7c/netty-transport-4.1.27.Final.jar:/Users/emilygrasmeder/.gradle/caches/modules-2/files-2.1/io.netty/netty-resolver/4.1.27.Final/2536447ef9605ccb2b5203aa22392c6514484ea9/netty-resolver-4.1.27.Final.jar:/Users/emilygrasmeder/.gradle/caches/modules-2/files-2.1/io.netty/netty-buffer/4.1.27.Final/aafe2b9fb0d8f3b200cf10b9fd6486c6a722d7a1/netty-buffer-4.1.27.Final.jar:/Users/emilygrasmeder/.gradle/caches/modules-2/files-2.1/io.netty/netty-common/4.1.27.Final/6a12a969c27fb37b230c4bde5a67bd822fa6b7a4/netty-common-4.1.27.Final.jar:/Users/emilygrasmeder/.gradle/caches/modules-2/files-2.1/org.javassist/javassist/3.22.0-GA/3e83394258ae2089be7219b971ec21a8288528ad/javassist-3.22.0-GA.jar:/Users/emilygrasmeder/.gradle/caches/modules-2/files-2.1/org.junit.platform/junit-platform-engine/1.0.0/fdc6f63a689b894529ea5e9e218b65422748fd/junit-platform-engine-1.0.0.jar:/Users/emilygrasmeder/.gradle/caches/modules-2/files-2.1/org.junit.platform/junit-platform-commons/1.0.0/d2e03d9b21020746d48fe45834ff7d71fbcbd7b2/junit-platform-commons-1.0.0.jar:/Users/emilygrasmeder/.gradle/caches/modules-2/files-2.1/org.apiguardian/apiguardian-api/1.0.0/3ef5276905e36f4d8055fe3cb0bdcc7503ffc85d/apiguardian-api-1.0.0.jar:/Users/emilygrasmeder/.gradle/caches/modules-2/files-2.1/junit/junit/4.12/2973d150c0dc1fefe998f834810d68f278ea58ec/junit-4.12.jar:/Users/emilygrasmeder/.gradle/caches/modules-2/files-2.1/io.rest-assured/xml-path/3.1.0/168ff4eb8abd7bd14db4ff9e3acf5b35e393964e/xml-path-3.1.0.jar:/Users/emilygrasmeder/.gradle/caches/modules-2/files-2.1/org.codehaus.groovy/groovy-xml/2.4.12/b5c023bbbc8a4bbf9c0b38d731fe31d53f00c64a/groovy-xml-2.4.12.jar:/Users/emilygrasmeder/.gradle/caches/modules-2/files-2.1/io.rest-assured/json-path/3.1.0/e983c312915567a8762af42a306ea907e0fef0d2/json-path-3.1.0.jar:/Users/emilygrasmeder/.gradle/caches/modules-2/files-2.1/org.codehaus.groovy/groovy-json/2.4.12/810b46f2b359b904c4c7428ad4c03c09094a01ff/groovy-json-2.4.12.jar:/Users/emilygrasmeder/.gradle/caches/modules-2/files-2.1/io.rest-assured/rest-assured-common/3.1.0/e2ba9ea9a11d3508aca8b46d65888581ea0cf4e3/rest-assured-common-3.1.0.jar:/Users/emilygrasmeder/.gradle/caches/modules-2/files-2.1/org.codehaus.groovy/groovy/2.4.12/a43be367110c491787219f1c128b5b5fc54f1e70/groovy-2.4.12.jar:/Users/emilygrasmeder/.gradle/caches/modules-2/files-2.1/org.apache.httpcomponents/httpmime/4.5.1/96823b9421ebb9f490dec837d9f96134e864e3a7/httpmime-4.5.1.jar:/Users/emilygrasmeder/.gradle/caches/modules-2/files-2.1/org.apache.httpcomponents/httpclient/4.5.3/d1577ae15f01ef5438c5afc62162457c00a34713/httpclient-4.5.3.jar:/Users/emilygrasmeder/.gradle/caches/modules-2/files-2.1/org.hamcrest/hamcrest-library/1.3/4785a3c21320980282f9f33d0d1264a69040538f/hamcrest-library-1.3.jar:/Users/emilygrasmeder/.gradle/caches/modules-2/files-2.1/org.hamcrest/hamcrest-core/1.3/42a25dc3219429f0e5d060061f71acb49bf010a0/hamcrest-core-1.3.jar:/Users/emilygrasmeder/.gradle/caches/modules-2/files-2.1/org.ccil.cowan.tagsoup/tagsoup/1.2.1/5584627487e984c03456266d3f8802eb85a9ce97/tagsoup-1.2.1.jar:/Users/emilygrasmeder/.gradle/caches/modules-2/files-2.1/ch.qos.logback/logback-classic/1.2.3/7c4f3c474fb2c041d8028740440937705ebb473a/logback-classic-1.2.3.jar:/Users/emilygrasmeder/.gradle/caches/modules-2/files-2.1/org.slf4j/slf4j-api/1.7.25/da76ca59f6a57ee3102f8f9bd9cee742973efa8a/slf4j-api-1.7.25.jar:/Users/emilygrasmeder/.gradle/caches/modules-2/files-2.1/com.typesafe/config/1.3.3/4b68c2d5d0403bb4015520fcfabc88d0cbc4d117/config-1.3.3.jar:/Users/emilygrasmeder/.gradle/caches/modules-2/files-2.1/org.jooby/funzy/0.1.0/39d23c2da957d578352e74bd65540d12bd0caf20/funzy-0.1.0.jar:/Users/emilygrasmeder/.gradle/caches/modules-2/files-2.1/com.google.inject.extensions/guice-multibindings/4.2.0/76c96e043d05bc4788e703b3af06a3ece32293bd/guice-multibindings-4.2.0.jar:/Users/emilygrasmeder/.gradle/caches/modules-2/files-2.1/com.google.inject/guice/4.2.0/25e1f4c1d528a1cffabcca0d432f634f3132f6c8/guice-4.2.0.jar:/Users/emilygrasmeder/.gradle/caches/modules-2/files-2.1/com.google.guava/guava/25.1-jre/6c57e4b22b44e89e548b5c9f70f0c45fe10fb0b4/guava-25.1-jre.jar:/Users/emilygrasmeder/.gradle/caches/modules-2/files-2.1/org.jetbrains.kotlin/kotlin-stdlib-common/1.2.51/e4a9d4b13ab19ed1e6531fce6df98e8cfa7f7301/kotlin-stdlib-common-1.2.51.jar:/Users/emilygrasmeder/.gradle/caches/modules-2/files-2.1/org.jetbrains/annotations/13.0/919f0dfe192fb4e063e7dacadee7f8bb9a2672a9/annotations-13.0.jar:/Users/emilygrasmeder/.gradle/caches/modules-2/files-2.1/org.opentest4j/opentest4j/1.0.0/6f09c598e9ff64bf0ce2fa7e7de49a99ba83c0b4/opentest4j-1.0.0.jar:/Users/emilygrasmeder/.gradle/caches/modules-2/files-2.1/org.apache.httpcomponents/httpcore/4.4.6/e3fd8ced1f52c7574af952e2e6da0df8df08eb82/httpcore-4.4.6.jar:/Users/emilygrasmeder/.gradle/caches/modules-2/files-2.1/commons-logging/commons-logging/1.2/4bfc12adfe4842bf07b657f0369c4cb522955686/commons-logging-1.2.jar:/Users/emilygrasmeder/.gradle/caches/modules-2/files-2.1/commons-codec/commons-codec/1.9/9ce04e34240f674bc72680f8b843b1457383161a/commons-codec-1.9.jar:/Users/emilygrasmeder/.gradle/caches/modules-2/files-2.1/org.apache.commons/commons-lang3/3.4/5fe28b9518e58819180a43a850fbc0dd24b7c050/commons-lang3-3.4.jar:/Users/emilygrasmeder/.gradle/caches/modules-2/files-2.1/javax.xml.bind/jaxb-api/2.2.12/4c83805595b15acf41d71d49e3add7c0e85baaed/jaxb-api-2.2.12.jar:/Users/emilygrasmeder/.gradle/caches/modules-2/files-2.1/ch.qos.logback/logback-core/1.2.3/864344400c3d4d92dfeb0a305dc87d953677c03c/logback-core-1.2.3.jar:/Users/emilygrasmeder/.gradle/caches/modules-2/files-2.1/com.google.code.findbugs/jsr305/3.0.2/25ea2e8b0c338a877313bd4672d3fe056ea78f0d/jsr305-3.0.2.jar:/Users/emilygrasmeder/.gradle/caches/modules-2/files-2.1/org.checkerframework/checker-qual/2.0.0/518929596ee3249127502a8573b2e008e2d51ed3/checker-qual-2.0.0.jar:/Users/emilygrasmeder/.gradle/caches/modules-2/files-2.1/com.google.errorprone/error_prone_annotations/2.1.3/39b109f2cd352b2d71b52a3b5a1a9850e1dc304b/error_prone_annotations-2.1.3.jar:/Users/emilygrasmeder/.gradle/caches/modules-2/files-2.1/com.google.j2objc/j2objc-annotations/1.1/ed28ded51a8b1c6b112568def5f4b455e6809019/j2objc-annotations-1.1.jar:/Users/emilygrasmeder/.gradle/caches/modules-2/files-2.1/org.codehaus.mojo/animal-sniffer-annotations/1.14/775b7e22fb10026eed3f86e8dc556dfafe35f2d5/animal-sniffer-annotations-1.14.jar:/Users/emilygrasmeder/.gradle/caches/modules-2/files-2.1/org.mockito/mockito-core/2.8.9/1afb35b2d77d40567756c379e54c18da3574a96e/mockito-core-2.8.9.jar:/Users/emilygrasmeder/.gradle/caches/modules-2/files-2.1/javax.inject/javax.inject/1/6975da39a7040257bd51d21a231b76c915872d38/javax.inject-1.jar:/Users/emilygrasmeder/.gradle/caches/modules-2/files-2.1/aopalliance/aopalliance/1.0/235ba8b489512805ac13a8f9ea77a1ca5ebe3e8/aopalliance-1.0.jar:/Users/emilygrasmeder/.gradle/caches/modules-2/files-2.1/net.bytebuddy/byte-buddy/1.6.14/871c3e49dc6183d0d361601c2f1d11abb1a6b48c/byte-buddy-1.6.14.jar:/Users/emilygrasmeder/.gradle/caches/modules-2/files-2.1/net.bytebuddy/byte-buddy-agent/1.6.14/ba1e5ba3a84fb2fbf2f4de9138df19665eec4d59/byte-buddy-agent-1.6.14.jar:/Users/emilygrasmeder/.gradle/caches/modules-2/files-2.1/org.objenesis/objenesis/2.5/612ecb799912ccf77cba9b3ed8c813da086076e9/objenesis-2.5.jar:/Users/emilygrasmeder/.gradle/caches/modules-2/files-2.1/org.junit.platform/junit-platform-console/1.0.0/2931079616796bc4537f7e3c236f8fdfe7e51237/junit-platform-console-1.0.0.jar"/>
<property name="java.class.version" value="56.0"/>
<property name="java.home" value="/Library/Java/JavaVirtualMachines/openjdk-12.0.1.jdk/Contents/Home"/>
<property name="java.io.tmpdir" value="/var/folders/0r/3kbgwcw914bgbwvt6355g_kc0000gn/T/"/>
<property name="java.library.path" value="/Users/emilygrasmeder/Library/Java/Extensions:/Library/Java/Extensions:/Network/Library/Java/Extensions:/System/Library/Java/Extensions:/usr/lib/java:."/>
<property name="java.runtime.name" value="OpenJDK Runtime Environment"/>
<property name="java.runtime.version" value="12.0.1+12"/>
<property name="java.specification.name" value="Java Platform API Specification"/>
<property name="java.specification.vendor" value="Oracle Corporation"/>
<property name="java.specification.version" value="12"/>
<property name="java.vendor" value="Oracle Corporation"/>
<property name="java.vendor.url" value="https://java.oracle.com/"/>
<property name="java.vendor.url.bug" value="https://bugreport.java.com/bugreport/"/>
<property name="java.version" value="12.0.1"/>
<property name="java.version.date" value="2019-04-16"/>
<property name="java.vm.compressedOopsMode" value="Zero based"/>
<property name="java.vm.info" value="mixed mode, sharing"/>
<property name="java.vm.name" value="OpenJDK 64-Bit Server VM"/>
<property name="java.vm.specification.name" value="Java Virtual Machine Specification"/>
<property name="java.vm.specification.vendor" value="Oracle Corporation"/>
<property name="java.vm.specification.version" value="12"/>
<property name="java.vm.vendor" value="Oracle Corporation"/>
<property name="java.vm.version" value="12.0.1+12"/>
<property name="jdk.debug" value="release"/>
<property name="line.separator" value="
"/>
<property name="os.arch" value="x86_64"/>
<property name="os.name" value="Mac OS X"/>
<property name="os.version" value="10.14.5"/>
<property name="path.separator" value=":"/>
<property name="pid" value="22741"/>
<property name="socksNonProxyHosts" value="local|*.local|169.254/16|*.169.254/16"/>
<property name="sun.arch.data.model" value="64"/>
<property name="sun.boot.library.path" value="/Library/Java/JavaVirtualMachines/openjdk-12.0.1.jdk/Contents/Home/lib"/>
<property name="sun.cpu.endian" value="little"/>
<property name="sun.io.unicode.encoding" value="UnicodeBig"/>
<property name="sun.java.command" value="org.junit.platform.console.ConsoleLauncher --details NONE --scan-class-path /Users/emilygrasmeder/src/github.com/emilyagras/another-flashcard-app/kotlin-backend/build/classes/java/main:/Users/emilygrasmeder/src/github.com/emilyagras/another-flashcard-app/kotlin-backend/build/classes/kotlin/main:/Users/emilygrasmeder/src/github.com/emilyagras/another-flashcard-app/kotlin-backend/build/resources/main:/Users/emilygrasmeder/src/github.com/emilyagras/another-flashcard-app/kotlin-backend/build/classes/java/test:/Users/emilygrasmeder/src/github.com/emilyagras/another-flashcard-app/kotlin-backend/build/classes/kotlin/test:/Users/emilygrasmeder/src/github.com/emilyagras/another-flashcard-app/kotlin-backend/build/resources/test -n ^.*Tests?$ --reports-dir /Users/emilygrasmeder/src/github.com/emilyagras/another-flashcard-app/kotlin-backend/build/test-results/junit-platform"/>
<property name="sun.java.launcher" value="SUN_STANDARD"/>
<property name="sun.jnu.encoding" value="UTF-8"/>
<property name="sun.management.compiler" value="HotSpot 64-Bit Tiered Compilers"/>
<property name="sun.nio.ch.bugLevel" value=""/>
<property name="user.country" value="DE"/>
<property name="user.dir" value="/Users/emilygrasmeder/src/github.com/emilyagras/another-flashcard-app/kotlin-backend"/>
<property name="user.home" value="/Users/emilygrasmeder"/>
<property name="user.language" value="en"/>
<property name="user.name" value="emilygrasmeder"/>
<property name="user.timezone" value="Europe/Berlin"/>
<property name="user.variant" value=""/>
</properties>
<testcase name="it should return Hello Victor!" classname="given queryParameter name=Victor" time="1.837">
<system-out><![CDATA[
unique-id: [engine:spek]/[spec:starter.kotlin.AppTest]/[group:describe Get %2F]/[group:given queryParameter name=Victor]/[test:it should return Hello Victor!]
display-name: it should return Hello Victor!
]]></system-out>
</testcase>
<testcase name="it should return Kotlin as the default name" classname="given no queryParameter" time="0.024">
<system-out><![CDATA[
unique-id: [engine:spek]/[spec:starter.kotlin.AppTest]/[group:describe Get %2F]/[group:given no queryParameter]/[test:it should return Kotlin as the default name]
display-name: it should return Kotlin as the default name
]]></system-out>
</testcase>
<system-out><![CDATA[
unique-id: [engine:spek]
display-name: Spek
]]></system-out>
</testsuite>
